<?xml version="1.0" encoding="UTF-8"?>
<robot generator="Robot 6.1.1 (Python 3.9.18 on win32)" generated="20231121 17:30:43.049" rpa="false" schemaversion="4">
<suite id="s1" name="Test" source="C:\SQQ\DQE_Training\Test AutomationDQE\Robot_framework_HW\test">
<suite id="s1-s1" name="Robot Connect Db" source="C:\SQQ\DQE_Training\Test AutomationDQE\Robot_framework_HW\test\robot_connect_db.robot">
<test id="s1-s1-t1" name="Simple Test Case" line="10">
<kw name="Log" library="BuiltIn">
<arg>This is a simple test case</arg>
<doc>Logs the given message with the given level.</doc>
<msg timestamp="20231121 17:30:43.100" level="INFO">This is a simple test case</msg>
<status status="PASS" starttime="20231121 17:30:43.100" endtime="20231121 17:30:43.100"/>
</kw>
<status status="PASS" starttime="20231121 17:30:43.100" endtime="20231121 17:30:43.101"/>
</test>
<test id="s1-s1-t2" name="DB Test HR.Employees" line="12">
<kw name="Connect To SQL Server With Windows Authentication" library="common">
<kw name="Evaluate" library="BuiltIn">
<var>${connection}</var>
<arg>pymssql.connect(server='${DB_SERVER}', database='${DB_NAME}')</arg>
<doc>Evaluates the given expression in Python and returns the result.</doc>
<msg timestamp="20231121 17:30:43.169" level="INFO">${connection} = &lt;pymssql._pymssql.Connection object at 0x000002BA1462F600&gt;</msg>
<status status="PASS" starttime="20231121 17:30:43.103" endtime="20231121 17:30:43.169"/>
</kw>
<kw name="Set Global Variable" library="BuiltIn">
<arg>${connection}</arg>
<doc>Makes a variable available globally in all tests and suites.</doc>
<msg timestamp="20231121 17:30:43.170" level="INFO">${connection} = &lt;pymssql._pymssql.Connection object at 0x000002BA1462F600&gt;</msg>
<status status="PASS" starttime="20231121 17:30:43.169" endtime="20231121 17:30:43.170"/>
</kw>
<status status="PASS" starttime="20231121 17:30:43.102" endtime="20231121 17:30:43.170"/>
</kw>
<kw name="Checking HR.Employees table" library="common">
<arg>${sql_str_empOne}[0]</arg>
<arg>${sql_str_empOne}[1]</arg>
<kw name="Call Method" library="BuiltIn">
<var>${cursor}</var>
<arg>${connection}</arg>
<arg>cursor</arg>
<doc>Calls the named method of the given object with the provided arguments.</doc>
<msg timestamp="20231121 17:30:43.171" level="INFO">${cursor} = &lt;pymssql._pymssql.Cursor object at 0x000002BA14652400&gt;</msg>
<status status="PASS" starttime="20231121 17:30:43.171" endtime="20231121 17:30:43.171"/>
</kw>
<kw name="Call Method" library="BuiltIn">
<arg>${cursor}</arg>
<arg>execute</arg>
<arg>${query}</arg>
<doc>Calls the named method of the given object with the provided arguments.</doc>
<status status="PASS" starttime="20231121 17:30:43.171" endtime="20231121 17:30:43.172"/>
</kw>
<kw name="Call Method" library="BuiltIn">
<var>${results}</var>
<arg>${cursor}</arg>
<arg>fetchone</arg>
<doc>Calls the named method of the given object with the provided arguments.</doc>
<msg timestamp="20231121 17:30:43.172" level="INFO">${results} = (40,)</msg>
<status status="PASS" starttime="20231121 17:30:43.172" endtime="20231121 17:30:43.172"/>
</kw>
<kw name="Log" library="BuiltIn">
<arg>${results}</arg>
<doc>Logs the given message with the given level.</doc>
<msg timestamp="20231121 17:30:43.172" level="INFO">(40,)</msg>
<status status="PASS" starttime="20231121 17:30:43.172" endtime="20231121 17:30:43.172"/>
</kw>
<kw name="Should Be Equal As Strings" library="BuiltIn">
<arg>${results}[0]</arg>
<arg>${expected_result}</arg>
<doc>Fails if objects are unequal after converting them to strings.</doc>
<msg timestamp="20231121 17:30:43.173" level="INFO">Argument types are:
&lt;class 'int'&gt;
&lt;class 'str'&gt;</msg>
<status status="PASS" starttime="20231121 17:30:43.172" endtime="20231121 17:30:43.173"/>
</kw>
<status status="PASS" starttime="20231121 17:30:43.170" endtime="20231121 17:30:43.173"/>
</kw>
<kw name="Checking HR.Employees table" library="common">
<arg>${sql_str_empTwo}[0]</arg>
<arg>${sql_str_empTwo}[1]</arg>
<kw name="Call Method" library="BuiltIn">
<var>${cursor}</var>
<arg>${connection}</arg>
<arg>cursor</arg>
<doc>Calls the named method of the given object with the provided arguments.</doc>
<msg timestamp="20231121 17:30:43.174" level="INFO">${cursor} = &lt;pymssql._pymssql.Cursor object at 0x000002BA14652700&gt;</msg>
<status status="PASS" starttime="20231121 17:30:43.173" endtime="20231121 17:30:43.174"/>
</kw>
<kw name="Call Method" library="BuiltIn">
<arg>${cursor}</arg>
<arg>execute</arg>
<arg>${query}</arg>
<doc>Calls the named method of the given object with the provided arguments.</doc>
<status status="PASS" starttime="20231121 17:30:43.174" endtime="20231121 17:30:43.174"/>
</kw>
<kw name="Call Method" library="BuiltIn">
<var>${results}</var>
<arg>${cursor}</arg>
<arg>fetchone</arg>
<doc>Calls the named method of the given object with the provided arguments.</doc>
<msg timestamp="20231121 17:30:43.175" level="INFO">${results} = (10,)</msg>
<status status="PASS" starttime="20231121 17:30:43.174" endtime="20231121 17:30:43.175"/>
</kw>
<kw name="Log" library="BuiltIn">
<arg>${results}</arg>
<doc>Logs the given message with the given level.</doc>
<msg timestamp="20231121 17:30:43.175" level="INFO">(10,)</msg>
<status status="PASS" starttime="20231121 17:30:43.175" endtime="20231121 17:30:43.175"/>
</kw>
<kw name="Should Be Equal As Strings" library="BuiltIn">
<arg>${results}[0]</arg>
<arg>${expected_result}</arg>
<doc>Fails if objects are unequal after converting them to strings.</doc>
<msg timestamp="20231121 17:30:43.176" level="INFO">Argument types are:
&lt;class 'int'&gt;
&lt;class 'str'&gt;</msg>
<status status="PASS" starttime="20231121 17:30:43.176" endtime="20231121 17:30:43.176"/>
</kw>
<status status="PASS" starttime="20231121 17:30:43.173" endtime="20231121 17:30:43.176"/>
</kw>
<kw name="Disconnect From SQL Server" library="common">
<kw name="Call Method" library="BuiltIn">
<arg>${connection}</arg>
<arg>close</arg>
<doc>Calls the named method of the given object with the provided arguments.</doc>
<status status="PASS" starttime="20231121 17:30:43.176" endtime="20231121 17:30:43.176"/>
</kw>
<status status="PASS" starttime="20231121 17:30:43.176" endtime="20231121 17:30:43.176"/>
</kw>
<status status="PASS" starttime="20231121 17:30:43.102" endtime="20231121 17:30:43.177"/>
</test>
<test id="s1-s1-t3" name="DB Test HR.Departments One" line="23">
<kw name="Connect To SQL Server With Windows Authentication" library="common">
<kw name="Evaluate" library="BuiltIn">
<var>${connection}</var>
<arg>pymssql.connect(server='${DB_SERVER}', database='${DB_NAME}')</arg>
<doc>Evaluates the given expression in Python and returns the result.</doc>
<msg timestamp="20231121 17:30:43.192" level="INFO">${connection} = &lt;pymssql._pymssql.Connection object at 0x000002BA1466DC00&gt;</msg>
<status status="PASS" starttime="20231121 17:30:43.178" endtime="20231121 17:30:43.192"/>
</kw>
<kw name="Set Global Variable" library="BuiltIn">
<arg>${connection}</arg>
<doc>Makes a variable available globally in all tests and suites.</doc>
<msg timestamp="20231121 17:30:43.193" level="INFO">${connection} = &lt;pymssql._pymssql.Connection object at 0x000002BA1466DC00&gt;</msg>
<status status="PASS" starttime="20231121 17:30:43.192" endtime="20231121 17:30:43.193"/>
</kw>
<status status="PASS" starttime="20231121 17:30:43.178" endtime="20231121 17:30:43.193"/>
</kw>
<kw name="Checking department_id is unique" library="common">
<var>${get_all}</var>
<arg>${sql_str_depOne}</arg>
<kw name="Call Method" library="BuiltIn">
<var>${cursor}</var>
<arg>${connection}</arg>
<arg>cursor</arg>
<doc>Calls the named method of the given object with the provided arguments.</doc>
<msg timestamp="20231121 17:30:43.193" level="INFO">${cursor} = &lt;pymssql._pymssql.Cursor object at 0x000002BA14652700&gt;</msg>
<status status="PASS" starttime="20231121 17:30:43.193" endtime="20231121 17:30:43.193"/>
</kw>
<kw name="Call Method" library="BuiltIn">
<arg>${cursor}</arg>
<arg>execute</arg>
<arg>${query}</arg>
<doc>Calls the named method of the given object with the provided arguments.</doc>
<status status="PASS" starttime="20231121 17:30:43.193" endtime="20231121 17:30:43.194"/>
</kw>
<kw name="Call Method" library="BuiltIn">
<var>${result}</var>
<arg>${cursor}</arg>
<arg>fetchone</arg>
<doc>Calls the named method of the given object with the provided arguments.</doc>
<msg timestamp="20231121 17:30:43.194" level="INFO">${result} = (12,)</msg>
<status status="PASS" starttime="20231121 17:30:43.194" endtime="20231121 17:30:43.194"/>
</kw>
<kw name="Log" library="BuiltIn">
<arg>${result}</arg>
<doc>Logs the given message with the given level.</doc>
<msg timestamp="20231121 17:30:43.195" level="INFO">(12,)</msg>
<status status="PASS" starttime="20231121 17:30:43.194" endtime="20231121 17:30:43.195"/>
</kw>
<msg timestamp="20231121 17:30:43.195" level="INFO">${get_all} = 12</msg>
<status status="PASS" starttime="20231121 17:30:43.193" endtime="20231121 17:30:43.195"/>
</kw>
<kw name="Checking department_id is unique" library="common">
<var>${get_distinct}</var>
<arg>${sql_str_deptwo}</arg>
<kw name="Call Method" library="BuiltIn">
<var>${cursor}</var>
<arg>${connection}</arg>
<arg>cursor</arg>
<doc>Calls the named method of the given object with the provided arguments.</doc>
<msg timestamp="20231121 17:30:43.196" level="INFO">${cursor} = &lt;pymssql._pymssql.Cursor object at 0x000002BA146524C0&gt;</msg>
<status status="PASS" starttime="20231121 17:30:43.195" endtime="20231121 17:30:43.196"/>
</kw>
<kw name="Call Method" library="BuiltIn">
<arg>${cursor}</arg>
<arg>execute</arg>
<arg>${query}</arg>
<doc>Calls the named method of the given object with the provided arguments.</doc>
<status status="PASS" starttime="20231121 17:30:43.196" endtime="20231121 17:30:43.196"/>
</kw>
<kw name="Call Method" library="BuiltIn">
<var>${result}</var>
<arg>${cursor}</arg>
<arg>fetchone</arg>
<doc>Calls the named method of the given object with the provided arguments.</doc>
<msg timestamp="20231121 17:30:43.196" level="INFO">${result} = (12,)</msg>
<status status="PASS" starttime="20231121 17:30:43.196" endtime="20231121 17:30:43.197"/>
</kw>
<kw name="Log" library="BuiltIn">
<arg>${result}</arg>
<doc>Logs the given message with the given level.</doc>
<msg timestamp="20231121 17:30:43.197" level="INFO">(12,)</msg>
<status status="PASS" starttime="20231121 17:30:43.197" endtime="20231121 17:30:43.197"/>
</kw>
<msg timestamp="20231121 17:30:43.197" level="INFO">${get_distinct} = 12</msg>
<status status="PASS" starttime="20231121 17:30:43.195" endtime="20231121 17:30:43.197"/>
</kw>
<kw name="Should Be Equal As Strings" library="BuiltIn">
<arg>${get_all}</arg>
<arg>${get_distinct}</arg>
<doc>Fails if objects are unequal after converting them to strings.</doc>
<status status="PASS" starttime="20231121 17:30:43.197" endtime="20231121 17:30:43.197"/>
</kw>
<kw name="Disconnect From SQL Server" library="common">
<kw name="Call Method" library="BuiltIn">
<arg>${connection}</arg>
<arg>close</arg>
<doc>Calls the named method of the given object with the provided arguments.</doc>
<status status="PASS" starttime="20231121 17:30:43.198" endtime="20231121 17:30:43.198"/>
</kw>
<status status="PASS" starttime="20231121 17:30:43.198" endtime="20231121 17:30:43.198"/>
</kw>
<status status="PASS" starttime="20231121 17:30:43.177" endtime="20231121 17:30:43.198"/>
</test>
<test id="s1-s1-t4" name="DB Test HR.Departments Two" line="30">
<kw name="Connect To SQL Server With Windows Authentication" library="common">
<kw name="Evaluate" library="BuiltIn">
<var>${connection}</var>
<arg>pymssql.connect(server='${DB_SERVER}', database='${DB_NAME}')</arg>
<doc>Evaluates the given expression in Python and returns the result.</doc>
<msg timestamp="20231121 17:30:43.214" level="INFO">${connection} = &lt;pymssql._pymssql.Connection object at 0x000002BA14663F40&gt;</msg>
<status status="PASS" starttime="20231121 17:30:43.201" endtime="20231121 17:30:43.214"/>
</kw>
<kw name="Set Global Variable" library="BuiltIn">
<arg>${connection}</arg>
<doc>Makes a variable available globally in all tests and suites.</doc>
<msg timestamp="20231121 17:30:43.215" level="INFO">${connection} = &lt;pymssql._pymssql.Connection object at 0x000002BA14663F40&gt;</msg>
<status status="PASS" starttime="20231121 17:30:43.215" endtime="20231121 17:30:43.215"/>
</kw>
<status status="PASS" starttime="20231121 17:30:43.201" endtime="20231121 17:30:43.215"/>
</kw>
<kw name="Run Keyword And Ignore Error" library="BuiltIn">
<arg>Checking cannot insert column value more than max length</arg>
<doc>Runs the given keyword with the given arguments and ignores possible error.</doc>
<kw name="Checking cannot insert column value more than max length" library="common">
<kw name="Call Method" library="BuiltIn">
<var>${cursor}</var>
<arg>${connection}</arg>
<arg>cursor</arg>
<doc>Calls the named method of the given object with the provided arguments.</doc>
<msg timestamp="20231121 17:30:43.216" level="INFO">${cursor} = &lt;pymssql._pymssql.Cursor object at 0x000002BA14652400&gt;</msg>
<status status="PASS" starttime="20231121 17:30:43.216" endtime="20231121 17:30:43.216"/>
</kw>
<kw name="Call Method" library="BuiltIn">
<arg>${cursor}</arg>
<arg>execute</arg>
<arg>${sql_insert_dep_fail}</arg>
<doc>Calls the named method of the given object with the provided arguments.</doc>
<msg timestamp="20231121 17:30:43.217" level="FAIL">Calling method 'execute' failed: OperationalError: (8152, b'String or binary data would be truncated.DB-Lib error message 20018, severity 16:\nGeneral SQL Server error: Check messages from the SQL Server\n')</msg>
<status status="FAIL" starttime="20231121 17:30:43.216" endtime="20231121 17:30:43.218"/>
</kw>
<kw name="Call Method" library="BuiltIn">
<var>${result}</var>
<arg>${cursor}</arg>
<doc>Calls the named method of the given object with the provided arguments.</doc>
<status status="NOT RUN" starttime="20231121 17:30:43.218" endtime="20231121 17:30:43.218"/>
</kw>
<kw name="Log" library="BuiltIn">
<arg>${result}</arg>
<doc>Logs the given message with the given level.</doc>
<status status="NOT RUN" starttime="20231121 17:30:43.218" endtime="20231121 17:30:43.218"/>
</kw>
<status status="FAIL" starttime="20231121 17:30:43.216" endtime="20231121 17:30:43.218"/>
</kw>
<status status="PASS" starttime="20231121 17:30:43.215" endtime="20231121 17:30:43.218"/>
</kw>
<kw name="Disconnect From SQL Server" library="common">
<kw name="Call Method" library="BuiltIn">
<arg>${connection}</arg>
<arg>close</arg>
<doc>Calls the named method of the given object with the provided arguments.</doc>
<status status="PASS" starttime="20231121 17:30:43.219" endtime="20231121 17:30:43.219"/>
</kw>
<status status="PASS" starttime="20231121 17:30:43.219" endtime="20231121 17:30:43.219"/>
</kw>
<status status="PASS" starttime="20231121 17:30:43.199" endtime="20231121 17:30:43.219"/>
</test>
<test id="s1-s1-t5" name="DB Test HR.sales_data One" line="35">
<kw name="Connect To SQL Server With Windows Authentication" library="common">
<kw name="Evaluate" library="BuiltIn">
<var>${connection}</var>
<arg>pymssql.connect(server='${DB_SERVER}', database='${DB_NAME}')</arg>
<doc>Evaluates the given expression in Python and returns the result.</doc>
<msg timestamp="20231121 17:30:43.234" level="INFO">${connection} = &lt;pymssql._pymssql.Connection object at 0x000002BA147EED40&gt;</msg>
<status status="PASS" starttime="20231121 17:30:43.222" endtime="20231121 17:30:43.234"/>
</kw>
<kw name="Set Global Variable" library="BuiltIn">
<arg>${connection}</arg>
<doc>Makes a variable available globally in all tests and suites.</doc>
<msg timestamp="20231121 17:30:43.235" level="INFO">${connection} = &lt;pymssql._pymssql.Connection object at 0x000002BA147EED40&gt;</msg>
<status status="PASS" starttime="20231121 17:30:43.235" endtime="20231121 17:30:43.235"/>
</kw>
<status status="PASS" starttime="20231121 17:30:43.221" endtime="20231121 17:30:43.235"/>
</kw>
<kw name="Checking sales_data negagive" library="common">
<var>${get_negative_sum}</var>
<arg>${sql_str_SalesOne}</arg>
<kw name="Call Method" library="BuiltIn">
<var>${cursor}</var>
<arg>${connection}</arg>
<arg>cursor</arg>
<doc>Calls the named method of the given object with the provided arguments.</doc>
<msg timestamp="20231121 17:30:43.236" level="INFO">${cursor} = &lt;pymssql._pymssql.Cursor object at 0x000002BA14652460&gt;</msg>
<status status="PASS" starttime="20231121 17:30:43.236" endtime="20231121 17:30:43.236"/>
</kw>
<kw name="Call Method" library="BuiltIn">
<arg>${cursor}</arg>
<arg>execute</arg>
<arg>${query}</arg>
<doc>Calls the named method of the given object with the provided arguments.</doc>
<status status="PASS" starttime="20231121 17:30:43.236" endtime="20231121 17:30:43.237"/>
</kw>
<kw name="Call Method" library="BuiltIn">
<var>${result}</var>
<arg>${cursor}</arg>
<arg>fetchone</arg>
<doc>Calls the named method of the given object with the provided arguments.</doc>
<msg timestamp="20231121 17:30:43.237" level="INFO">${result} = (1,)</msg>
<status status="PASS" starttime="20231121 17:30:43.237" endtime="20231121 17:30:43.237"/>
</kw>
<kw name="Log" library="BuiltIn">
<arg>${result}</arg>
<doc>Logs the given message with the given level.</doc>
<msg timestamp="20231121 17:30:43.237" level="INFO">(1,)</msg>
<status status="PASS" starttime="20231121 17:30:43.237" endtime="20231121 17:30:43.237"/>
</kw>
<msg timestamp="20231121 17:30:43.237" level="INFO">${get_negative_sum} = 1</msg>
<status status="PASS" starttime="20231121 17:30:43.235" endtime="20231121 17:30:43.237"/>
</kw>
<kw name="Checking sales_data negagive" library="common">
<var>${get_distinct}</var>
<arg>${sql_str_SalesTwo}</arg>
<kw name="Call Method" library="BuiltIn">
<var>${cursor}</var>
<arg>${connection}</arg>
<arg>cursor</arg>
<doc>Calls the named method of the given object with the provided arguments.</doc>
<msg timestamp="20231121 17:30:43.238" level="INFO">${cursor} = &lt;pymssql._pymssql.Cursor object at 0x000002BA14652AC0&gt;</msg>
<status status="PASS" starttime="20231121 17:30:43.238" endtime="20231121 17:30:43.238"/>
</kw>
<kw name="Call Method" library="BuiltIn">
<arg>${cursor}</arg>
<arg>execute</arg>
<arg>${query}</arg>
<doc>Calls the named method of the given object with the provided arguments.</doc>
<status status="PASS" starttime="20231121 17:30:43.238" endtime="20231121 17:30:43.239"/>
</kw>
<kw name="Call Method" library="BuiltIn">
<var>${result}</var>
<arg>${cursor}</arg>
<arg>fetchone</arg>
<doc>Calls the named method of the given object with the provided arguments.</doc>
<msg timestamp="20231121 17:30:43.239" level="INFO">${result} = (3,)</msg>
<status status="PASS" starttime="20231121 17:30:43.239" endtime="20231121 17:30:43.239"/>
</kw>
<kw name="Log" library="BuiltIn">
<arg>${result}</arg>
<doc>Logs the given message with the given level.</doc>
<msg timestamp="20231121 17:30:43.239" level="INFO">(3,)</msg>
<status status="PASS" starttime="20231121 17:30:43.239" endtime="20231121 17:30:43.239"/>
</kw>
<msg timestamp="20231121 17:30:43.239" level="INFO">${get_distinct} = 3</msg>
<status status="PASS" starttime="20231121 17:30:43.238" endtime="20231121 17:30:43.239"/>
</kw>
<kw name="Should Be True" library="BuiltIn">
<arg>${get_negative_sum}/${get_distinct} &lt; ${sales_negative_rate_up}</arg>
<doc>Fails if the given condition is not true.</doc>
<msg timestamp="20231121 17:30:43.240" level="FAIL">'1/3 &lt; 0.1' should be true.</msg>
<status status="FAIL" starttime="20231121 17:30:43.240" endtime="20231121 17:30:43.240"/>
</kw>
<kw name="Disconnect From SQL Server" library="common">
<status status="NOT RUN" starttime="20231121 17:30:43.240" endtime="20231121 17:30:43.240"/>
</kw>
<status status="FAIL" starttime="20231121 17:30:43.220" endtime="20231121 17:30:43.240">'1/3 &lt; 0.1' should be true.</status>
</test>
<test id="s1-s1-t6" name="DB Test HR.sales_data Two" line="42">
<kw name="Connect To SQL Server With Windows Authentication" library="common">
<kw name="Evaluate" library="BuiltIn">
<var>${connection}</var>
<arg>pymssql.connect(server='${DB_SERVER}', database='${DB_NAME}')</arg>
<doc>Evaluates the given expression in Python and returns the result.</doc>
<msg timestamp="20231121 17:30:43.255" level="INFO">${connection} = &lt;pymssql._pymssql.Connection object at 0x000002BA14664E40&gt;</msg>
<status status="PASS" starttime="20231121 17:30:43.242" endtime="20231121 17:30:43.255"/>
</kw>
<kw name="Set Global Variable" library="BuiltIn">
<arg>${connection}</arg>
<doc>Makes a variable available globally in all tests and suites.</doc>
<msg timestamp="20231121 17:30:43.256" level="INFO">${connection} = &lt;pymssql._pymssql.Connection object at 0x000002BA14664E40&gt;</msg>
<status status="PASS" starttime="20231121 17:30:43.255" endtime="20231121 17:30:43.256"/>
</kw>
<status status="PASS" starttime="20231121 17:30:43.242" endtime="20231121 17:30:43.256"/>
</kw>
<kw name="Checking sales_data dollerSign" library="common">
<kw name="Call Method" library="BuiltIn">
<var>${cursor}</var>
<arg>${connection}</arg>
<arg>cursor</arg>
<doc>Calls the named method of the given object with the provided arguments.</doc>
<msg timestamp="20231121 17:30:43.257" level="INFO">${cursor} = &lt;pymssql._pymssql.Cursor object at 0x000002BA14652700&gt;</msg>
<status status="PASS" starttime="20231121 17:30:43.256" endtime="20231121 17:30:43.257"/>
</kw>
<kw name="Call Method" library="BuiltIn">
<arg>${cursor}</arg>
<arg>execute</arg>
<arg>${sql_srt_Sales_Three}</arg>
<doc>Calls the named method of the given object with the provided arguments.</doc>
<status status="PASS" starttime="20231121 17:30:43.257" endtime="20231121 17:30:43.257"/>
</kw>
<kw name="Call Method" library="BuiltIn">
<var>${result}</var>
<arg>${cursor}</arg>
<arg>fetchone</arg>
<doc>Calls the named method of the given object with the provided arguments.</doc>
<msg timestamp="20231121 17:30:43.258" level="INFO">${result} = ('$',)</msg>
<status status="PASS" starttime="20231121 17:30:43.257" endtime="20231121 17:30:43.258"/>
</kw>
<kw name="Log" library="BuiltIn">
<arg>${result}</arg>
<doc>Logs the given message with the given level.</doc>
<msg timestamp="20231121 17:30:43.258" level="INFO">('$',)</msg>
<status status="PASS" starttime="20231121 17:30:43.258" endtime="20231121 17:30:43.258"/>
</kw>
<kw name="Should Be Equal As Strings" library="BuiltIn">
<arg>${result}[0]</arg>
<arg>${sales_amount_expectedChar}</arg>
<doc>Fails if objects are unequal after converting them to strings.</doc>
<status status="PASS" starttime="20231121 17:30:43.258" endtime="20231121 17:30:43.258"/>
</kw>
<status status="PASS" starttime="20231121 17:30:43.256" endtime="20231121 17:30:43.258"/>
</kw>
<status status="PASS" starttime="20231121 17:30:43.241" endtime="20231121 17:30:43.259"/>
</test>
<status status="FAIL" starttime="20231121 17:30:43.079" endtime="20231121 17:30:43.260"/>
</suite>
<status status="FAIL" starttime="20231121 17:30:43.050" endtime="20231121 17:30:43.265"/>
</suite>
<statistics>
<total>
<stat pass="5" fail="1" skip="0">All Tests</stat>
</total>
<tag>
</tag>
<suite>
<stat pass="5" fail="1" skip="0" id="s1" name="Test">Test</stat>
<stat pass="5" fail="1" skip="0" id="s1-s1" name="Robot Connect Db">Test.Robot Connect Db</stat>
</suite>
</statistics>
<errors>
</errors>
</robot>
